<?xml version="1.0" encoding="UTF-8"?>
<!-- Generated by org.testng.reporters.JUnitReportReporter -->
<testsuite hostname="DESKTOP-CG5M29G" name="org.testing.TestScripts.TC1" tests="1" failures="0" timestamp="20 Apr 2021 08:51:14 GMT" time="61.163" errors="0">
  <testcase name="testcase1" time="61.163" classname="org.testing.TestScripts.TC1"/>
</testsuite> <!-- org.testing.TestScripts.TC1 -->
